#@ # 
#@ # Running fm_shell Version T-2022.03-SP5 for linux64 -- Oct 18, 2022
#@ # Date:   Sat Feb 24 06:57:07 2024
#@ # Run by: xiangchenmeng@mics-eda
#@ 

source /usr/synopysys/install/formality/T-2022.03-SP5/admin/setup/.synopsys_fm.setup
#@ # -- Starting source /usr/synopysys/install/formality/T-2022.03-SP5/admin/setup/.synopsys_fm.setup

#@ #
#@ # .synopsys_fm.setup: Initialization File for Formality
#@ #
#@ 
#@ 
#@ #
#@ # Enable stack trace output on fatal.  Not available for all architectures.
#@ #
#@ if { $sh_arch == "sparc" || $sh_arch == "sparcOS5" || \
#@      $sh_arch == "hp700" || $sh_arch == "hpux10" } {
#@   set_unix_variable SYNOPSYS_TRACE ""
#@ }
#@ 
#@ #
#@ # Variable settings
#@ #
#@ set sh_new_variable_message true
#@ 
#@ #
#@ # Synopsys strongly recommends that you uncomment the following command
#@ # in order to set sh_command_abbrev_mode to the value "Command-Line-Only".
#@ # Command abbreviation is intended as an interactive convenience.  Using
#@ # abbreviations in scripts can cause commands to fail in subsequent releases.
#@ # 
#@ #set sh_command_abbrev_mode "Command-Line-Only"
#@ 
#@ #
#@ # Some useful aliases
#@ #
#@ alias list_commands		help
#@ 
#@ #
#@ # The alias of q to quit is commented out.  Remove the comment 
#@ # character if you want this alias.  Some users find that having 
#@ # this particular alias causes problems when mixed with page-mode
#@ # for reports - an accidental repeated 'q' not only cancels the
#@ # output but exits the tool.
#@ #
#@ #alias q quit
#@ # -- End source /usr/synopysys/install/formality/T-2022.03-SP5/admin/setup/.synopsys_fm.setup

source -echo -verbose tests/formality/verify.fms
#@ # -- Starting source tests/formality/verify.fms

#@ set_mismatch_message_filter -warn FMR_ELAB-147
#@ read_verilog -r /home/xiangchenmeng/work/pyflattenverilog/tests/regression/delimeter_dot/delimeter_dot.v
#@ set_top delimeter_dot
#@ read_verilog -i /home/xiangchenmeng/work/pyflattenverilog/tests/regression/delimeter_dot/f_top.v
#@ set_top delimeter_dot
#@ verify
#@ report_unverified_points 
#@ exit
